Command line:
   Term_Project_tb_isim_beh.exe
     -simmode  gui
     -simrunnum  0
     -socket  6700

Sun Dec 13 18:32:09 2020


 Elaboration Time: 0.03125 sec

 Current Memory Usage: 5158.52 Meg

 Total Signals          : 297
 Total Nets             : 964
 Total Signal Drivers   : 177
 Total Blocks           : 83
 Total Primitive Blocks : 56
 Total Processes        : 309
 Total Traceable Variables  : 282
 Total Scalar Nets and Variables : 2553
Total Line Count : 4522

 Total Simulation Time: 11.8125 sec

 Current Memory Usage: 5158.52 Meg

Sun Dec 13 18:32:29 2020

