Command line:
   mux_tb_isim_beh.exe
     -simmode  gui
     -simrunnum  0
     -socket  1568

Sun Oct 11 23:52:07 2020


 Elaboration Time: 0.03125 sec

 Current Memory Usage: 5153.35 Meg

 Total Signals          : 17
 Total Nets             : 20
 Total Signal Drivers   : 9
 Total Blocks           : 3
 Total Primitive Blocks : 2
 Total Processes        : 12
 Total Traceable Variables  : 22
 Total Scalar Nets and Variables : 107
Total Line Count : 25

 Total Simulation Time: 0.078125 sec

 Current Memory Usage: 5153.35 Meg

Sun Oct 11 23:52:29 2020

