Command line:
   four_bit_counter_tb_isim_beh.exe
     -simmode  gui
     -simrunnum  0
     -socket  1163

Sat Oct 24 04:34:43 2020


 Elaboration Time: 0.046875 sec

 Current Memory Usage: 5153.33 Meg

 Total Signals          : 20
 Total Nets             : 26
 Total Signal Drivers   : 12
 Total Blocks           : 3
 Total Primitive Blocks : 2
 Total Processes        : 15
 Total Traceable Variables  : 25
 Total Scalar Nets and Variables : 119
Total Line Count : 68

 Total Simulation Time: 0.296875 sec

 Current Memory Usage: 4681.47 Meg

Sat Oct 24 05:03:01 2020

