Command line:
   half_adder_isim_beh.exe
     -simmode  gui
     -simrunnum  0
     -socket  14247

Sun Oct 04 13:40:43 2020


 Elaboration Time: 0.03125 sec

 Current Memory Usage: 5153.34 Meg

 Total Signals          : 15
 Total Nets             : 17
 Total Signal Drivers   : 7
 Total Blocks           : 2
 Total Primitive Blocks : 2
 Total Processes        : 9
 Total Traceable Variables  : 20
 Total Scalar Nets and Variables : 99
Total Line Count : 21

 Total Simulation Time: 0.03125 sec

 Current Memory Usage: 5153.34 Meg

Sun Oct 04 13:40:55 2020

