Command line:
   my_and3_tb_isim_beh.exe
     -simmode  gui
     -simrunnum  0
     -socket  1938

Sat Sep 19 23:12:05 2020


 Elaboration Time: 0.03125 sec

 Current Memory Usage: 5153.94 Meg

 Total Signals          : 17
 Total Nets             : 16
 Total Signal Drivers   : 8
 Total Blocks           : 3
 Total Primitive Blocks : 2
 Total Processes        : 10
 Total Traceable Variables  : 20
 Total Scalar Nets and Variables : 98
Total Line Count : 20

 Total Simulation Time: 0.046875 sec

 Current Memory Usage: 4996.65 Meg

Sat Sep 19 23:13:15 2020

