Command line:
   encoder42_tb_isim_beh.exe
     -simmode  gui
     -simrunnum  0
     -socket  12699

Sun Oct 11 22:51:13 2020


 Elaboration Time: 0.03125 sec

 Current Memory Usage: 5153.34 Meg

 Total Signals          : 16
 Total Nets             : 19
 Total Signal Drivers   : 8
 Total Blocks           : 3
 Total Primitive Blocks : 2
 Total Processes        : 10
 Total Traceable Variables  : 19
 Total Scalar Nets and Variables : 103
Total Line Count : 21

 Total Simulation Time: 0.046875 sec

 Current Memory Usage: 5153.34 Meg

Sun Oct 11 22:51:39 2020

