Command line:
   my_and4_tb_isim_beh.exe
     -simmode  gui
     -simrunnum  0
     -socket  3425

Sat Sep 19 23:24:49 2020


 Elaboration Time: 0.046875 sec

 Current Memory Usage: 5153.98 Meg

 Total Signals          : 16
 Total Nets             : 16
 Total Signal Drivers   : 8
 Total Blocks           : 3
 Total Primitive Blocks : 2
 Total Processes        : 11
 Total Traceable Variables  : 21
 Total Scalar Nets and Variables : 99
Total Line Count : 24

 Total Simulation Time: 0.0625 sec

 Current Memory Usage: 5153.98 Meg

Sat Sep 19 23:25:19 2020

