Command line:
   application_tb_isim_beh.exe
     -simmode  gui
     -simrunnum  0
     -socket  14319

Sun Nov 01 20:14:41 2020


 Elaboration Time: 0.046875 sec

 Current Memory Usage: 5153.39 Meg

 Total Signals          : 25
 Total Nets             : 23
 Total Signal Drivers   : 13
 Total Blocks           : 5
 Total Primitive Blocks : 3
 Total Processes        : 21
 Total Traceable Variables  : 34
 Total Scalar Nets and Variables : 133
Total Line Count : 87

 Total Simulation Time: 0.046875 sec

 Current Memory Usage: 5153.39 Meg

Sun Nov 01 20:15:01 2020

