Command line:
   application1_tb_isim_beh.exe
     -simmode  gui
     -simrunnum  0
     -socket  7310

Mon Oct 12 00:39:14 2020


 Elaboration Time: 0.015625 sec

 Current Memory Usage: 5153.94 Meg

 Total Signals          : 18
 Total Nets             : 18
 Total Signal Drivers   : 10
 Total Blocks           : 3
 Total Primitive Blocks : 2
 Total Processes        : 13
 Total Traceable Variables  : 23
 Total Scalar Nets and Variables : 103
Total Line Count : 33

 Total Simulation Time: 0.03125 sec

 Current Memory Usage: 4682.08 Meg

Mon Oct 12 01:07:56 2020

