Command line:
   four_bit_xor_tb_isim_beh.exe
     -simmode  gui
     -simrunnum  0
     -socket  14376

Fri Oct 02 17:55:39 2020


 Elaboration Time: 0.046875 sec

 Current Memory Usage: 5153.33 Meg

 Total Signals          : 17
 Total Nets             : 25
 Total Signal Drivers   : 8
 Total Blocks           : 3
 Total Primitive Blocks : 2
 Total Processes        : 10
 Total Traceable Variables  : 20
 Total Scalar Nets and Variables : 113
Total Line Count : 20

 Total Simulation Time: 0.0625 sec

 Current Memory Usage: 5153.33 Meg

Fri Oct 02 17:55:47 2020

