Command line:
   half_adder_tb_isim_beh.exe
     -simmode  gui
     -simrunnum  0
     -socket  14483

Sun Oct 04 13:48:45 2020


 Elaboration Time: 0.03125 sec

 Current Memory Usage: 5153.31 Meg

 Total Signals          : 17
 Total Nets             : 17
 Total Signal Drivers   : 9
 Total Blocks           : 3
 Total Primitive Blocks : 2
 Total Processes        : 12
 Total Traceable Variables  : 22
 Total Scalar Nets and Variables : 101
Total Line Count : 27

 Total Simulation Time: 0.03125 sec

 Current Memory Usage: 5153.31 Meg

Sun Oct 04 13:48:48 2020

