Running: D:\Xilinx\14.7\ISE_DS\ISE\bin\nt64\unwrapped\fuse.exe -intstyle ise -incremental -lib unisims_ver -lib unimacro_ver -lib xilinxcorelib_ver -o C:/Users/vmfos/OneDrive/my_xilinx/lab_06/lab_06_tb_isim_beh.exe -prj C:/Users/vmfos/OneDrive/my_xilinx/lab_06/lab_06_tb_beh.prj work.lab_06_tb work.glbl 
ISim P.20131013 (signature 0x7708f090)
Number of CPUs detected in this system: 4
Turning on mult-threading, number of parallel sub-compilation jobs: 8 
Determining compilation order of HDL files
Analyzing Verilog file "C:/Users/vmfos/OneDrive/my_xilinx/lab_06/fnd_decoder.v" into library work
Analyzing Verilog file "C:/Users/vmfos/OneDrive/my_xilinx/lab_06/fnd_array.v" into library work
Analyzing Verilog file "C:/Users/vmfos/OneDrive/my_xilinx/lab_06/bin2bcd.v" into library work
Analyzing Verilog file "C:/Users/vmfos/OneDrive/my_xilinx/lab_06/lab_06.v" into library work
Analyzing Verilog file "C:/Users/vmfos/OneDrive/my_xilinx/lab_06/lab_06_tb.v" into library work
Analyzing Verilog file "D:/Xilinx/14.7/ISE_DS/ISE//verilog/src/glbl.v" into library work
Starting static elaboration
Completed static elaboration
Compiling module fnd_decoder
Compiling module fnd_array
Compiling module bin2bcd
Compiling module lab_06
Compiling module lab_06_tb
Compiling module glbl
Time Resolution for simulation is 1ps.
Waiting for 1 sub-compilation(s) to finish...
WARNING:Simulator - Unable to copy libPortabilityNOSH.dll to the simulation executable directory: boost::filesystem::copy_file: 지정된 경로를 찾을 수 없습니다, "isim\lab_06_tb_isim_beh.exe.sim\libPortability.dll".
Compiled 6 Verilog Units
Built simulation executable C:/Users/vmfos/OneDrive/my_xilinx/lab_06/lab_06_tb_isim_beh.exe
Fuse Memory Usage: 28240 KB
Fuse CPU Usage: 625 ms
