Command line:
   application_tb_isim_beh.exe
     -simmode  gui
     -simrunnum  0
     -socket  2283

Sat Oct 24 06:00:15 2020


 Elaboration Time: 0.03125 sec

 Current Memory Usage: 5153.35 Meg

 Total Signals          : 16
 Total Nets             : 20
 Total Signal Drivers   : 8
 Total Blocks           : 3
 Total Primitive Blocks : 2
 Total Processes        : 11
 Total Traceable Variables  : 21
 Total Scalar Nets and Variables : 107
Total Line Count : 46

 Total Simulation Time: 0.046875 sec

 Current Memory Usage: 4996.07 Meg

Sat Oct 24 06:01:15 2020

