Command line:
   sipo4_for_tb_isim_beh.exe
     -simmode  gui
     -simrunnum  0
     -socket  14565

Sat Oct 24 04:03:43 2020


 Elaboration Time: 0.03125 sec

 Current Memory Usage: 5153.35 Meg

 Total Signals          : 17
 Total Nets             : 20
 Total Signal Drivers   : 9
 Total Blocks           : 3
 Total Primitive Blocks : 2
 Total Processes        : 12
 Total Traceable Variables  : 23
 Total Scalar Nets and Variables : 139
Total Line Count : 35

 Total Simulation Time: 0.03125 sec

 Current Memory Usage: 5467.92 Meg

Sat Oct 24 04:04:14 2020

