--------------------------------------------------------------------------------
Release 14.7 Trace  (nt64)
Copyright (c) 1995-2013 Xilinx, Inc.  All rights reserved.

D:\Xilinx\14.7\ISE_DS\ISE\bin\nt64\unwrapped\trce.exe -intstyle ise -v 3 -s 4
-n 3 -fastpaths -xml four_bit_comparator.twx four_bit_comparator.ncd -o
four_bit_comparator.twr four_bit_comparator.pcf -ucf four_bit_comparator.ucf

Design file:              four_bit_comparator.ncd
Physical constraint file: four_bit_comparator.pcf
Device,package,speed:     xc3s200,pq208,-4 (PRODUCTION 1.39 2013-10-13)
Report level:             verbose report

Environment Variable      Effect 
--------------------      ------ 
NONE                      No environment variables were set
--------------------------------------------------------------------------------

INFO:Timing:2698 - No timing constraints found, doing default enumeration.
INFO:Timing:3412 - To improve timing, see the Timing Closure User Guide (UG612).
INFO:Timing:2752 - To get complete path coverage, use the unconstrained paths 
   option. All paths that are not constrained will be reported in the 
   unconstrained paths section(s) of the report.
INFO:Timing:3339 - The clock-to-out numbers in this timing report are based on 
   a 50 Ohm transmission line loading model.  For the details of this model, 
   and for more information on accounting for different loading conditions, 
   please see the device datasheet.
INFO:Timing:3390 - This architecture does not support a default System Jitter 
   value, please add SYSTEM_JITTER constraint to the UCF to modify the Clock 
   Uncertainty calculation.
INFO:Timing:3389 - This architecture does not support 'Discrete Jitter' and 
   'Phase Error' calculations, these terms will be zero in the Clock 
   Uncertainty calculation.  Please make appropriate modification to 
   SYSTEM_JITTER to account for the unsupported Discrete Jitter and Phase 
   Error.



Data Sheet report:
-----------------
All values displayed in nanoseconds (ns)

Pad to Pad
---------------+---------------+---------+
Source Pad     |Destination Pad|  Delay  |
---------------+---------------+---------+
a<0>           |agb            |   11.782|
a<0>           |alb            |   12.206|
a<0>           |eq             |   12.705|
a<1>           |agb            |   11.992|
a<1>           |alb            |   12.416|
a<1>           |eq             |   12.915|
a<2>           |agb            |   10.951|
a<2>           |alb            |   12.106|
a<2>           |eq             |   12.184|
a<3>           |agb            |   10.146|
a<3>           |alb            |   11.772|
a<3>           |eq             |   11.850|
b<0>           |agb            |   12.337|
b<0>           |alb            |   12.761|
b<0>           |eq             |   13.260|
b<1>           |agb            |   12.418|
b<1>           |alb            |   12.842|
b<1>           |eq             |   13.341|
b<2>           |agb            |   10.988|
b<2>           |alb            |   12.312|
b<2>           |eq             |   12.390|
b<3>           |agb            |   10.277|
b<3>           |alb            |   12.165|
b<3>           |eq             |   12.243|
---------------+---------------+---------+


Analysis completed Tue Oct 06 14:39:42 2020 
--------------------------------------------------------------------------------

Trace Settings:
-------------------------
Trace Settings 

Peak Memory Usage: 4488 MB



