Command line:
   Parallel_data_transfer1_tb_isim_beh.exe
     -simmode  gui
     -simrunnum  0
     -socket  14263

Sat Oct 24 03:39:45 2020


 Elaboration Time: 0.03125 sec

 Current Memory Usage: 5153.35 Meg

 Total Signals          : 17
 Total Nets             : 26
 Total Signal Drivers   : 9
 Total Blocks           : 3
 Total Primitive Blocks : 2
 Total Processes        : 13
 Total Traceable Variables  : 22
 Total Scalar Nets and Variables : 119
Total Line Count : 31

 Total Simulation Time: 0.03125 sec

 Current Memory Usage: 5153.35 Meg

Sat Oct 24 03:40:15 2020

