Command line:
   my_and2_tb_isim_beh.exe
     -simmode  gui
     -simrunnum  0
     -socket  1901

Sat Sep 19 23:08:48 2020


 Elaboration Time: 0.046875 sec

 Current Memory Usage: 5153.39 Meg

 Total Signals          : 17
 Total Nets             : 16
 Total Signal Drivers   : 8
 Total Blocks           : 3
 Total Primitive Blocks : 2
 Total Processes        : 10
 Total Traceable Variables  : 20
 Total Scalar Nets and Variables : 98
Total Line Count : 21

 Total Simulation Time: 0.046875 sec

 Current Memory Usage: 5153.39 Meg

Sat Sep 19 23:09:12 2020

