Command line:
   my_xor_td_isim_beh.exe
     -simmode  gui
     -simrunnum  0
     -socket  1936

Sun Sep 20 01:41:34 2020


 Elaboration Time: 0.03125 sec

 Current Memory Usage: 5153.88 Meg

 Total Signals          : 17
 Total Nets             : 16
 Total Signal Drivers   : 8
 Total Blocks           : 3
 Total Primitive Blocks : 2
 Total Processes        : 10
 Total Traceable Variables  : 20
 Total Scalar Nets and Variables : 98
Total Line Count : 21

 Total Simulation Time: 0.046875 sec

 Current Memory Usage: 4996.6 Meg

Sun Sep 20 01:42:48 2020

