Release 14.7 - xst P.20131013 (nt64)
Copyright (c) 1995-2013 Xilinx, Inc.  All rights reserved.
--> Parameter TMPDIR set to xst/projnav.tmp


Total REAL time to Xst completion: 0.00 secs
Total CPU time to Xst completion: 0.10 secs
 
--> Parameter xsthdpdir set to xst


Total REAL time to Xst completion: 0.00 secs
Total CPU time to Xst completion: 0.10 secs
 
--> Reading design: fnd_array.prj

TABLE OF CONTENTS
  1) Synthesis Options Summary
  2) HDL Compilation
  3) Design Hierarchy Analysis
  4) HDL Analysis
  5) HDL Synthesis
     5.1) HDL Synthesis Report
  6) Advanced HDL Synthesis
     6.1) Advanced HDL Synthesis Report
  7) Low Level Synthesis
  8) Partition Report
  9) Final Report
	9.1) Device utilization summary
	9.2) Partition Resource Summary
	9.3) TIMING REPORT


=========================================================================
*                      Synthesis Options Summary                        *
=========================================================================
---- Source Parameters
Input File Name                    : "fnd_array.prj"
Input Format                       : mixed
Ignore Synthesis Constraint File   : NO

---- Target Parameters
Output File Name                   : "fnd_array"
Output Format                      : NGC
Target Device                      : xc3s200-4-pq208

---- Source Options
Top Module Name                    : fnd_array
Automatic FSM Extraction           : YES
FSM Encoding Algorithm             : Auto
Safe Implementation                : No
FSM Style                          : LUT
RAM Extraction                     : Yes
RAM Style                          : Auto
ROM Extraction                     : Yes
Mux Style                          : Auto
Decoder Extraction                 : YES
Priority Encoder Extraction        : Yes
Shift Register Extraction          : YES
Logical Shifter Extraction         : YES
XOR Collapsing                     : YES
ROM Style                          : Auto
Mux Extraction                     : Yes
Resource Sharing                   : YES
Asynchronous To Synchronous        : NO
Multiplier Style                   : Auto
Automatic Register Balancing       : No

---- Target Options
Add IO Buffers                     : YES
Global Maximum Fanout              : 500
Add Generic Clock Buffer(BUFG)     : 8
Register Duplication               : YES
Slice Packing                      : YES
Optimize Instantiated Primitives   : NO
Use Clock Enable                   : Yes
Use Synchronous Set                : Yes
Use Synchronous Reset              : Yes
Pack IO Registers into IOBs        : Auto
Equivalent register Removal        : YES

---- General Options
Optimization Goal                  : Speed
Optimization Effort                : 1
Keep Hierarchy                     : No
Netlist Hierarchy                  : As_Optimized
RTL Output                         : Yes
Global Optimization                : AllClockNets
Read Cores                         : YES
Write Timing Constraints           : NO
Cross Clock Analysis               : NO
Hierarchy Separator                : /
Bus Delimiter                      : <>
Case Specifier                     : Maintain
Slice Utilization Ratio            : 100
BRAM Utilization Ratio             : 100
Verilog 2001                       : YES
Auto BRAM Packing                  : NO
Slice Utilization Ratio Delta      : 5

=========================================================================


=========================================================================
*                          HDL Compilation                              *
=========================================================================
Compiling verilog file "fnd_decoder.v" in library work
Compiling verilog file "fnd_array.v" in library work
Module <fnd_decoder> compiled
Module <fnd_array> compiled
No errors in compilation
Analysis of file <"fnd_array.prj"> succeeded.
 

=========================================================================
*                     Design Hierarchy Analysis                         *
=========================================================================
Analyzing hierarchy for module <fnd_array> in library <work>.

Analyzing hierarchy for module <fnd_decoder> in library <work>.


=========================================================================
*                            HDL Analysis                               *
=========================================================================
Analyzing top module <fnd_array>.
Module <fnd_array> is correct for synthesis.
 
Analyzing module <fnd_decoder> in library <work>.
Module <fnd_decoder> is correct for synthesis.
 

=========================================================================
*                           HDL Synthesis                               *
=========================================================================

Performing bidirectional port resolution...

Synthesizing Unit <fnd_decoder>.
    Related source file is "fnd_decoder.v".
    Found 16x8-bit ROM for signal <out>.
    Summary:
	inferred   1 ROM(s).
Unit <fnd_decoder> synthesized.


Synthesizing Unit <fnd_array>.
    Related source file is "fnd_array.v".
    Found 4-bit register for signal <seg_com>.
    Found 8-bit register for signal <seg_data>.
    Found 32-bit up counter for signal <CNT_SCAN>.
    Found 33-bit comparator greatequal for signal <CNT_SCAN$cmp_ge0000> created at line 46.
    Summary:
	inferred   1 Counter(s).
	inferred  12 D-type flip-flop(s).
	inferred   1 Comparator(s).
Unit <fnd_array> synthesized.


=========================================================================
HDL Synthesis Report

Macro Statistics
# ROMs                                                 : 3
 16x8-bit ROM                                          : 3
# Counters                                             : 1
 32-bit up counter                                     : 1
# Registers                                            : 2
 4-bit register                                        : 1
 8-bit register                                        : 1
# Comparators                                          : 1
 33-bit comparator greatequal                          : 1

=========================================================================

=========================================================================
*                       Advanced HDL Synthesis                          *
=========================================================================


=========================================================================
Advanced HDL Synthesis Report

Macro Statistics
# ROMs                                                 : 3
 16x8-bit ROM                                          : 3
# Counters                                             : 1
 32-bit up counter                                     : 1
# Registers                                            : 12
 Flip-Flops                                            : 12
# Comparators                                          : 1
 33-bit comparator greatequal                          : 1

=========================================================================

=========================================================================
*                         Low Level Synthesis                           *
=========================================================================
WARNING:Xst:1710 - FF/Latch <seg_data_0> (without init value) has a constant value of 0 in block <fnd_array>. This FF/Latch will be trimmed during the optimization process.

Optimizing unit <fnd_array> ...

Mapping all equations...
Building and optimizing final netlist ...
Found area constraint ratio of 100 (+ 5) on block fnd_array, actual ratio is 3.
FlipFlop CNT_SCAN_1 has been replicated 1 time(s)

Final Macro Processing ...

=========================================================================
Final Register Report

Macro Statistics
# Registers                                            : 44
 Flip-Flops                                            : 44

=========================================================================

=========================================================================
*                           Partition Report                            *
=========================================================================

Partition Implementation Status
-------------------------------

  No Partitions were found in this design.

-------------------------------

=========================================================================
*                            Final Report                               *
=========================================================================
Final Results
RTL Top Level Output File Name     : fnd_array.ngr
Top Level Output File Name         : fnd_array
Output Format                      : NGC
Optimization Goal                  : Speed
Keep Hierarchy                     : No

Design Statistics
# IOs                              : 27

Cell Usage :
# BELS                             : 201
#      GND                         : 1
#      INV                         : 3
#      LUT2                        : 31
#      LUT2_D                      : 2
#      LUT3                        : 28
#      LUT3_D                      : 2
#      LUT4                        : 37
#      LUT4_L                      : 3
#      MUXCY                       : 49
#      MUXF5                       : 12
#      VCC                         : 1
#      XORCY                       : 32
# FlipFlops/Latches                : 44
#      FDC                         : 40
#      FDP                         : 4
# Clock Buffers                    : 1
#      BUFGP                       : 1
# IO Buffers                       : 26
#      IBUF                        : 14
#      OBUF                        : 12
=========================================================================

Device utilization summary:
---------------------------

Selected Device : 3s200pq208-4 

 Number of Slices:                       54  out of   1920     2%  
 Number of Slice Flip Flops:             44  out of   3840     1%  
 Number of 4 input LUTs:                106  out of   3840     2%  
 Number of IOs:                          27
 Number of bonded IOBs:                  27  out of    141    19%  
 Number of GCLKs:                         1  out of      8    12%  

---------------------------
Partition Resource Summary:
---------------------------

  No Partitions were found in this design.

---------------------------


=========================================================================
TIMING REPORT

NOTE: THESE TIMING NUMBERS ARE ONLY A SYNTHESIS ESTIMATE.
      FOR ACCURATE TIMING INFORMATION PLEASE REFER TO THE TRACE REPORT
      GENERATED AFTER PLACE-and-ROUTE.

Clock Information:
------------------
-----------------------------------+------------------------+-------+
Clock Signal                       | Clock buffer(FF name)  | Load  |
-----------------------------------+------------------------+-------+
clk_1k                             | BUFGP                  | 44    |
-----------------------------------+------------------------+-------+

Asynchronous Control Signals Information:
----------------------------------------
-----------------------------------+------------------------+-------+
Control Signal                     | Buffer(FF name)        | Load  |
-----------------------------------+------------------------+-------+
resetn_inv(resetn_inv1_INV_0:O)    | NONE(CNT_SCAN_0)       | 44    |
-----------------------------------+------------------------+-------+

Timing Summary:
---------------
Speed Grade: -4

   Minimum period: 10.271ns (Maximum Frequency: 97.363MHz)
   Minimum input arrival time before clock: 8.021ns
   Maximum output required time after clock: 7.165ns
   Maximum combinational path delay: No path found

Timing Detail:
--------------
All values displayed in nanoseconds (ns)

=========================================================================
Timing constraint: Default period analysis for Clock 'clk_1k'
  Clock period: 10.271ns (frequency: 97.363MHz)
  Total number of paths / destination ports: 19611 / 44
-------------------------------------------------------------------------
Delay:               10.271ns (Levels of Logic = 44)
  Source:            CNT_SCAN_0 (FF)
  Destination:       CNT_SCAN_31 (FF)
  Source Clock:      clk_1k rising
  Destination Clock: clk_1k rising

  Data Path: CNT_SCAN_0 to CNT_SCAN_31
                                Gate     Net
    Cell:in->out      fanout   Delay   Delay  Logical Name (Net Name)
    ----------------------------------------  ------------
     FDC:C->Q             15   0.720   1.383  CNT_SCAN_0 (CNT_SCAN_0)
     LUT2:I1->O            1   0.551   0.000  Mcompar_CNT_SCAN_cmp_ge0000_lut<0> (Mcompar_CNT_SCAN_cmp_ge0000_lut<0>)
     MUXCY:S->O            1   0.500   0.000  Mcompar_CNT_SCAN_cmp_ge0000_cy<0> (Mcompar_CNT_SCAN_cmp_ge0000_cy<0>)
     MUXCY:CI->O           1   0.064   0.000  Mcompar_CNT_SCAN_cmp_ge0000_cy<1> (Mcompar_CNT_SCAN_cmp_ge0000_cy<1>)
     MUXCY:CI->O           1   0.064   0.000  Mcompar_CNT_SCAN_cmp_ge0000_cy<2> (Mcompar_CNT_SCAN_cmp_ge0000_cy<2>)
     MUXCY:CI->O           1   0.064   0.000  Mcompar_CNT_SCAN_cmp_ge0000_cy<3> (Mcompar_CNT_SCAN_cmp_ge0000_cy<3>)
     MUXCY:CI->O           1   0.064   0.000  Mcompar_CNT_SCAN_cmp_ge0000_cy<4> (Mcompar_CNT_SCAN_cmp_ge0000_cy<4>)
     MUXCY:CI->O           1   0.064   0.000  Mcompar_CNT_SCAN_cmp_ge0000_cy<5> (Mcompar_CNT_SCAN_cmp_ge0000_cy<5>)
     MUXCY:CI->O           1   0.064   0.000  Mcompar_CNT_SCAN_cmp_ge0000_cy<6> (Mcompar_CNT_SCAN_cmp_ge0000_cy<6>)
     MUXCY:CI->O           1   0.064   0.000  Mcompar_CNT_SCAN_cmp_ge0000_cy<7> (Mcompar_CNT_SCAN_cmp_ge0000_cy<7>)
     MUXCY:CI->O           1   0.064   0.000  Mcompar_CNT_SCAN_cmp_ge0000_cy<8> (Mcompar_CNT_SCAN_cmp_ge0000_cy<8>)
     MUXCY:CI->O          33   0.303   1.859  Mcompar_CNT_SCAN_cmp_ge0000_cy<9> (CNT_SCAN_cmp_ge0000)
     INV:I->O              1   0.551   0.801  CNT_SCAN_cmp_ge0000_inv1_INV_0 (CNT_SCAN_cmp_ge0000_inv)
     MUXCY:CI->O           1   0.064   0.000  Mcount_CNT_SCAN_cy<0> (Mcount_CNT_SCAN_cy<0>)
     MUXCY:CI->O           1   0.064   0.000  Mcount_CNT_SCAN_cy<1> (Mcount_CNT_SCAN_cy<1>)
     MUXCY:CI->O           1   0.064   0.000  Mcount_CNT_SCAN_cy<2> (Mcount_CNT_SCAN_cy<2>)
     MUXCY:CI->O           1   0.064   0.000  Mcount_CNT_SCAN_cy<3> (Mcount_CNT_SCAN_cy<3>)
     MUXCY:CI->O           1   0.064   0.000  Mcount_CNT_SCAN_cy<4> (Mcount_CNT_SCAN_cy<4>)
     MUXCY:CI->O           1   0.064   0.000  Mcount_CNT_SCAN_cy<5> (Mcount_CNT_SCAN_cy<5>)
     MUXCY:CI->O           1   0.064   0.000  Mcount_CNT_SCAN_cy<6> (Mcount_CNT_SCAN_cy<6>)
     MUXCY:CI->O           1   0.064   0.000  Mcount_CNT_SCAN_cy<7> (Mcount_CNT_SCAN_cy<7>)
     MUXCY:CI->O           1   0.064   0.000  Mcount_CNT_SCAN_cy<8> (Mcount_CNT_SCAN_cy<8>)
     MUXCY:CI->O           1   0.064   0.000  Mcount_CNT_SCAN_cy<9> (Mcount_CNT_SCAN_cy<9>)
     MUXCY:CI->O           1   0.064   0.000  Mcount_CNT_SCAN_cy<10> (Mcount_CNT_SCAN_cy<10>)
     MUXCY:CI->O           1   0.064   0.000  Mcount_CNT_SCAN_cy<11> (Mcount_CNT_SCAN_cy<11>)
     MUXCY:CI->O           1   0.064   0.000  Mcount_CNT_SCAN_cy<12> (Mcount_CNT_SCAN_cy<12>)
     MUXCY:CI->O           1   0.064   0.000  Mcount_CNT_SCAN_cy<13> (Mcount_CNT_SCAN_cy<13>)
     MUXCY:CI->O           1   0.064   0.000  Mcount_CNT_SCAN_cy<14> (Mcount_CNT_SCAN_cy<14>)
     MUXCY:CI->O           1   0.064   0.000  Mcount_CNT_SCAN_cy<15> (Mcount_CNT_SCAN_cy<15>)
     MUXCY:CI->O           1   0.064   0.000  Mcount_CNT_SCAN_cy<16> (Mcount_CNT_SCAN_cy<16>)
     MUXCY:CI->O           1   0.064   0.000  Mcount_CNT_SCAN_cy<17> (Mcount_CNT_SCAN_cy<17>)
     MUXCY:CI->O           1   0.064   0.000  Mcount_CNT_SCAN_cy<18> (Mcount_CNT_SCAN_cy<18>)
     MUXCY:CI->O           1   0.064   0.000  Mcount_CNT_SCAN_cy<19> (Mcount_CNT_SCAN_cy<19>)
     MUXCY:CI->O           1   0.064   0.000  Mcount_CNT_SCAN_cy<20> (Mcount_CNT_SCAN_cy<20>)
     MUXCY:CI->O           1   0.064   0.000  Mcount_CNT_SCAN_cy<21> (Mcount_CNT_SCAN_cy<21>)
     MUXCY:CI->O           1   0.064   0.000  Mcount_CNT_SCAN_cy<22> (Mcount_CNT_SCAN_cy<22>)
     MUXCY:CI->O           1   0.064   0.000  Mcount_CNT_SCAN_cy<23> (Mcount_CNT_SCAN_cy<23>)
     MUXCY:CI->O           1   0.064   0.000  Mcount_CNT_SCAN_cy<24> (Mcount_CNT_SCAN_cy<24>)
     MUXCY:CI->O           1   0.064   0.000  Mcount_CNT_SCAN_cy<25> (Mcount_CNT_SCAN_cy<25>)
     MUXCY:CI->O           1   0.064   0.000  Mcount_CNT_SCAN_cy<26> (Mcount_CNT_SCAN_cy<26>)
     MUXCY:CI->O           1   0.064   0.000  Mcount_CNT_SCAN_cy<27> (Mcount_CNT_SCAN_cy<27>)
     MUXCY:CI->O           1   0.064   0.000  Mcount_CNT_SCAN_cy<28> (Mcount_CNT_SCAN_cy<28>)
     MUXCY:CI->O           1   0.064   0.000  Mcount_CNT_SCAN_cy<29> (Mcount_CNT_SCAN_cy<29>)
     MUXCY:CI->O           0   0.064   0.000  Mcount_CNT_SCAN_cy<30> (Mcount_CNT_SCAN_cy<30>)
     XORCY:CI->O           1   0.904   0.000  Mcount_CNT_SCAN_xor<31> (Mcount_CNT_SCAN31)
     FDC:D                     0.203          CNT_SCAN_31
    ----------------------------------------
    Total                     10.271ns (6.228ns logic, 4.043ns route)
                                       (60.6% logic, 39.4% route)

=========================================================================
Timing constraint: Default OFFSET IN BEFORE for Clock 'clk_1k'
  Total number of paths / destination ports: 147 / 7
-------------------------------------------------------------------------
Offset:              8.021ns (Levels of Logic = 6)
  Source:            ones<1> (PAD)
  Destination:       seg_data_2 (FF)
  Destination Clock: clk_1k rising

  Data Path: ones<1> to seg_data_2
                                Gate     Net
    Cell:in->out      fanout   Delay   Delay  Logical Name (Net Name)
    ----------------------------------------  ------------
     IBUF:I->O             8   0.821   1.422  ones_1_IBUF (ones_1_IBUF)
     LUT3_D:I0->O          2   0.551   0.903  seg_data_mux0000<6>141 (N22)
     LUT4:I3->O            4   0.551   1.112  seg_data_mux0000<1>1111 (N16)
     LUT2:I1->O            1   0.551   0.996  seg_data_mux0000<1>1131 (N7)
     LUT3:I1->O            1   0.551   0.000  seg_data_mux0000<2>109_G (N65)
     MUXF5:I1->O           1   0.360   0.000  seg_data_mux0000<2>109 (seg_data_mux0000<2>)
     FDC:D                     0.203          seg_data_2
    ----------------------------------------
    Total                      8.021ns (3.588ns logic, 4.433ns route)
                                       (44.7% logic, 55.3% route)

=========================================================================
Timing constraint: Default OFFSET OUT AFTER for Clock 'clk_1k'
  Total number of paths / destination ports: 11 / 11
-------------------------------------------------------------------------
Offset:              7.165ns (Levels of Logic = 1)
  Source:            seg_data_7 (FF)
  Destination:       seg_data<7> (PAD)
  Source Clock:      clk_1k rising

  Data Path: seg_data_7 to seg_data<7>
                                Gate     Net
    Cell:in->out      fanout   Delay   Delay  Logical Name (Net Name)
    ----------------------------------------  ------------
     FDC:C->Q              1   0.720   0.801  seg_data_7 (seg_data_7)
     OBUF:I->O                 5.644          seg_data_7_OBUF (seg_data<7>)
    ----------------------------------------
    Total                      7.165ns (6.364ns logic, 0.801ns route)
                                       (88.8% logic, 11.2% route)

=========================================================================


Total REAL time to Xst completion: 4.00 secs
Total CPU time to Xst completion: 4.03 secs
 
--> 

Total memory usage is 4513584 kilobytes

Number of errors   :    0 (   0 filtered)
Number of warnings :    1 (   0 filtered)
Number of infos    :    0 (   0 filtered)

