Command line:
   demux_tb_isim_beh.exe
     -simmode  gui
     -simrunnum  0
     -socket  5884

Mon Oct 12 00:27:49 2020


 Elaboration Time: 0.03125 sec

 Current Memory Usage: 5153.37 Meg

 Total Signals          : 17
 Total Nets             : 20
 Total Signal Drivers   : 9
 Total Blocks           : 3
 Total Primitive Blocks : 2
 Total Processes        : 12
 Total Traceable Variables  : 22
 Total Scalar Nets and Variables : 107
Total Line Count : 28

 Total Simulation Time: 0.046875 sec

 Current Memory Usage: 5467.94 Meg

Mon Oct 12 00:28:21 2020

