--------------------------------------------------------------------------------
Release 14.7 Trace  (nt64)
Copyright (c) 1995-2013 Xilinx, Inc.  All rights reserved.

D:\Xilinx\14.7\ISE_DS\ISE\bin\nt64\unwrapped\trce.exe -intstyle ise -v 3 -s 4
-n 3 -fastpaths -xml lab_02.twx lab_02.ncd -o lab_02.twr lab_02.pcf -ucf
lab_02.ucf

Design file:              lab_02.ncd
Physical constraint file: lab_02.pcf
Device,package,speed:     xc3s200,pq208,-4 (PRODUCTION 1.39 2013-10-13)
Report level:             verbose report

Environment Variable      Effect 
--------------------      ------ 
NONE                      No environment variables were set
--------------------------------------------------------------------------------

INFO:Timing:2698 - No timing constraints found, doing default enumeration.
INFO:Timing:3412 - To improve timing, see the Timing Closure User Guide (UG612).
INFO:Timing:2752 - To get complete path coverage, use the unconstrained paths 
   option. All paths that are not constrained will be reported in the 
   unconstrained paths section(s) of the report.
INFO:Timing:3339 - The clock-to-out numbers in this timing report are based on 
   a 50 Ohm transmission line loading model.  For the details of this model, 
   and for more information on accounting for different loading conditions, 
   please see the device datasheet.
INFO:Timing:3390 - This architecture does not support a default System Jitter 
   value, please add SYSTEM_JITTER constraint to the UCF to modify the Clock 
   Uncertainty calculation.
INFO:Timing:3389 - This architecture does not support 'Discrete Jitter' and 
   'Phase Error' calculations, these terms will be zero in the Clock 
   Uncertainty calculation.  Please make appropriate modification to 
   SYSTEM_JITTER to account for the unsupported Discrete Jitter and Phase 
   Error.



Data Sheet report:
-----------------
All values displayed in nanoseconds (ns)

Setup/Hold to clock clk
------------+------------+------------+------------------+--------+
            |Max Setup to|Max Hold to |                  | Clock  |
Source      | clk (edge) | clk (edge) |Internal Clock(s) | Phase  |
------------+------------+------------+------------------+--------+
in<0>       |    9.819(R)|   -0.526(R)|clk_BUFGP         |   0.000|
in<1>       |    9.114(R)|   -1.624(R)|clk_BUFGP         |   0.000|
in<2>       |    8.623(R)|    0.286(R)|clk_BUFGP         |   0.000|
in<3>       |    8.882(R)|   -1.145(R)|clk_BUFGP         |   0.000|
in<4>       |   10.231(R)|   -1.164(R)|clk_BUFGP         |   0.000|
in<5>       |   10.416(R)|   -0.678(R)|clk_BUFGP         |   0.000|
in<6>       |   10.907(R)|   -0.393(R)|clk_BUFGP         |   0.000|
in<7>       |   11.551(R)|   -2.282(R)|clk_BUFGP         |   0.000|
------------+------------+------------+------------------+--------+

Clock clk to Pad
------------+------------+------------------+--------+
            | clk (edge) |                  | Clock  |
Destination |   to PAD   |Internal Clock(s) | Phase  |
------------+------------+------------------+--------+
piezo       |   11.044(R)|clk_BUFGP         |   0.000|
segment<0>  |   11.223(R)|clk_BUFGP         |   0.000|
segment<1>  |   11.564(R)|clk_BUFGP         |   0.000|
segment<2>  |   11.622(R)|clk_BUFGP         |   0.000|
segment<3>  |   12.051(R)|clk_BUFGP         |   0.000|
segment<4>  |   12.035(R)|clk_BUFGP         |   0.000|
segment<5>  |   11.982(R)|clk_BUFGP         |   0.000|
segment<6>  |   11.881(R)|clk_BUFGP         |   0.000|
------------+------------+------------------+--------+

Clock to Setup on destination clock clk
---------------+---------+---------+---------+---------+
               | Src:Rise| Src:Fall| Src:Rise| Src:Fall|
Source Clock   |Dest:Rise|Dest:Rise|Dest:Fall|Dest:Fall|
---------------+---------+---------+---------+---------+
clk            |    9.673|         |         |         |
---------------+---------+---------+---------+---------+


Analysis completed Tue Nov 10 13:38:32 2020 
--------------------------------------------------------------------------------

Trace Settings:
-------------------------
Trace Settings 

Peak Memory Usage: 4488 MB



