Command line:
   one_bit_full_adder_tb_isim_beh.exe
     -simmode  gui
     -simrunnum  0
     -socket  13411

Mon Sep 21 14:50:39 2020


 Elaboration Time: 0.078125 sec

 Current Memory Usage: 5153.35 Meg

 Total Signals          : 23
 Total Nets             : 21
 Total Signal Drivers   : 13
 Total Blocks           : 3
 Total Primitive Blocks : 2
 Total Processes        : 15
 Total Traceable Variables  : 22
 Total Scalar Nets and Variables : 136
Total Line Count : 21

 Total Simulation Time: 0.09375 sec

 Current Memory Usage: 5153.35 Meg

Mon Sep 21 14:50:50 2020

