Command line:
   lab_04_tb_isim_beh.exe
     -simmode  gui
     -simrunnum  0
     -socket  51120

Tue Nov 10 14:08:11 2020


 Elaboration Time: 0.0625 sec

 Current Memory Usage: 5153.55 Meg

 Total Signals          : 24
 Total Nets             : 71
 Total Signal Drivers   : 16
 Total Blocks           : 6
 Total Primitive Blocks : 4
 Total Processes        : 24
 Total Traceable Variables  : 30
 Total Scalar Nets and Variables : 234
Total Line Count : 88

 Total Simulation Time: 0.0625 sec

 Current Memory Usage: 4681.69 Meg

Tue Nov 10 14:32:51 2020

