Command line:
   seven_segment_isim_beh.exe
     -simmode  gui
     -simrunnum  0
     -socket  4214

Sun Nov 08 04:00:33 2020


 Elaboration Time: 0.03125 sec

 Current Memory Usage: 5153.96 Meg

 Total Signals          : 14
 Total Nets             : 24
 Total Signal Drivers   : 6
 Total Blocks           : 2
 Total Primitive Blocks : 2
 Total Processes        : 8
 Total Traceable Variables  : 19
 Total Scalar Nets and Variables : 111
Total Line Count : 32

 Total Simulation Time: 0.03125 sec

 Current Memory Usage: 5153.96 Meg

Sun Nov 08 04:00:44 2020

