--------------------------------------------------------------------------------
Release 14.7 Trace  (nt64)
Copyright (c) 1995-2013 Xilinx, Inc.  All rights reserved.

D:\Xilinx\14.7\ISE_DS\ISE\bin\nt64\unwrapped\trce.exe -intstyle ise -v 3 -s 4
-n 3 -fastpaths -xml decoder38.twx decoder38.ncd -o decoder38.twr decoder38.pcf
-ucf decoder38.ucf

Design file:              decoder38.ncd
Physical constraint file: decoder38.pcf
Device,package,speed:     xc3s200,pq208,-4 (PRODUCTION 1.39 2013-10-13)
Report level:             verbose report

Environment Variable      Effect 
--------------------      ------ 
NONE                      No environment variables were set
--------------------------------------------------------------------------------

INFO:Timing:2698 - No timing constraints found, doing default enumeration.
INFO:Timing:3412 - To improve timing, see the Timing Closure User Guide (UG612).
INFO:Timing:2752 - To get complete path coverage, use the unconstrained paths 
   option. All paths that are not constrained will be reported in the 
   unconstrained paths section(s) of the report.
INFO:Timing:3339 - The clock-to-out numbers in this timing report are based on 
   a 50 Ohm transmission line loading model.  For the details of this model, 
   and for more information on accounting for different loading conditions, 
   please see the device datasheet.
INFO:Timing:3390 - This architecture does not support a default System Jitter 
   value, please add SYSTEM_JITTER constraint to the UCF to modify the Clock 
   Uncertainty calculation.
INFO:Timing:3389 - This architecture does not support 'Discrete Jitter' and 
   'Phase Error' calculations, these terms will be zero in the Clock 
   Uncertainty calculation.  Please make appropriate modification to 
   SYSTEM_JITTER to account for the unsupported Discrete Jitter and Phase 
   Error.



Data Sheet report:
-----------------
All values displayed in nanoseconds (ns)

Pad to Pad
---------------+---------------+---------+
Source Pad     |Destination Pad|  Delay  |
---------------+---------------+---------+
a              |out<0>         |   10.358|
a              |out<1>         |   10.502|
a              |out<2>         |   10.760|
a              |out<3>         |   10.943|
a              |out<4>         |   12.098|
a              |out<5>         |   11.603|
a              |out<6>         |   12.316|
a              |out<7>         |   12.866|
b              |out<0>         |    9.939|
b              |out<1>         |   10.153|
b              |out<2>         |   10.394|
b              |out<3>         |   10.668|
b              |out<4>         |   11.816|
b              |out<5>         |   11.306|
b              |out<6>         |   10.828|
b              |out<7>         |   11.457|
c              |out<0>         |   10.494|
c              |out<1>         |   10.623|
c              |out<2>         |   10.486|
c              |out<3>         |   10.754|
c              |out<4>         |   10.935|
c              |out<5>         |   10.510|
c              |out<6>         |   11.026|
c              |out<7>         |   11.775|
---------------+---------------+---------+


Analysis completed Tue Oct 13 13:11:16 2020 
--------------------------------------------------------------------------------

Trace Settings:
-------------------------
Trace Settings 

Peak Memory Usage: 4488 MB



