Command line:
   sipo4_tb_isim_beh.exe
     -simmode  gui
     -simrunnum  0
     -socket  14429

Sat Oct 24 03:50:51 2020


 Elaboration Time: 0.03125 sec

 Current Memory Usage: 5153.4 Meg

 Total Signals          : 17
 Total Nets             : 20
 Total Signal Drivers   : 9
 Total Blocks           : 3
 Total Primitive Blocks : 2
 Total Processes        : 12
 Total Traceable Variables  : 22
 Total Scalar Nets and Variables : 107
Total Line Count : 34

 Total Simulation Time: 0.046875 sec

 Current Memory Usage: 5153.4 Meg

Sat Oct 24 03:51:16 2020

