--------------------------------------------------------------------------------
Release 14.7 Trace  (nt64)
Copyright (c) 1995-2013 Xilinx, Inc.  All rights reserved.

D:\Xilinx\14.7\ISE_DS\ISE\bin\nt64\unwrapped\trce.exe -intstyle ise -v 3 -s 4
-n 3 -fastpaths -xml four_bit_full_adder.twx four_bit_full_adder.ncd -o
four_bit_full_adder.twr four_bit_full_adder.pcf -ucf four_bit_full_adder.ucf

Design file:              four_bit_full_adder.ncd
Physical constraint file: four_bit_full_adder.pcf
Device,package,speed:     xc3s200,pq208,-4 (PRODUCTION 1.39 2013-10-13)
Report level:             verbose report

Environment Variable      Effect 
--------------------      ------ 
NONE                      No environment variables were set
--------------------------------------------------------------------------------

INFO:Timing:2698 - No timing constraints found, doing default enumeration.
INFO:Timing:3412 - To improve timing, see the Timing Closure User Guide (UG612).
INFO:Timing:2752 - To get complete path coverage, use the unconstrained paths 
   option. All paths that are not constrained will be reported in the 
   unconstrained paths section(s) of the report.
INFO:Timing:3339 - The clock-to-out numbers in this timing report are based on 
   a 50 Ohm transmission line loading model.  For the details of this model, 
   and for more information on accounting for different loading conditions, 
   please see the device datasheet.
INFO:Timing:3390 - This architecture does not support a default System Jitter 
   value, please add SYSTEM_JITTER constraint to the UCF to modify the Clock 
   Uncertainty calculation.
INFO:Timing:3389 - This architecture does not support 'Discrete Jitter' and 
   'Phase Error' calculations, these terms will be zero in the Clock 
   Uncertainty calculation.  Please make appropriate modification to 
   SYSTEM_JITTER to account for the unsupported Discrete Jitter and Phase 
   Error.



Data Sheet report:
-----------------
All values displayed in nanoseconds (ns)

Pad to Pad
---------------+---------------+---------+
Source Pad     |Destination Pad|  Delay  |
---------------+---------------+---------+
a<0>           |c              |   11.515|
a<0>           |s<0>           |    9.311|
a<0>           |s<1>           |    9.877|
a<0>           |s<2>           |   10.857|
a<0>           |s<3>           |   11.896|
a<1>           |c              |   11.461|
a<1>           |s<1>           |    9.823|
a<1>           |s<2>           |   10.803|
a<1>           |s<3>           |   11.842|
a<2>           |c              |   10.736|
a<2>           |s<2>           |   10.532|
a<2>           |s<3>           |   11.117|
a<3>           |c              |   10.699|
a<3>           |s<3>           |   11.495|
b<0>           |c              |   11.202|
b<0>           |s<0>           |    8.956|
b<0>           |s<1>           |    9.564|
b<0>           |s<2>           |   10.544|
b<0>           |s<3>           |   11.583|
b<1>           |c              |   11.443|
b<1>           |s<1>           |    9.805|
b<1>           |s<2>           |   10.785|
b<1>           |s<3>           |   11.824|
b<2>           |c              |   10.741|
b<2>           |s<2>           |   10.820|
b<2>           |s<3>           |   11.122|
b<3>           |c              |   10.902|
b<3>           |s<3>           |   11.283|
---------------+---------------+---------+


Analysis completed Tue Oct 06 14:27:28 2020 
--------------------------------------------------------------------------------

Trace Settings:
-------------------------
Trace Settings 

Peak Memory Usage: 4488 MB



