Command line:
   clock_generator_tb_isim_beh.exe
     -simmode  gui
     -simrunnum  0
     -socket  54714

Tue Oct 27 15:01:10 2020


 Elaboration Time: 0.046875 sec

 Current Memory Usage: 5153.5 Meg

 Total Signals          : 18
 Total Nets             : 18
 Total Signal Drivers   : 10
 Total Blocks           : 3
 Total Primitive Blocks : 2
 Total Processes        : 13
 Total Traceable Variables  : 24
 Total Scalar Nets and Variables : 106
Total Line Count : 61

 Total Simulation Time: 0.0625 sec

 Current Memory Usage: 5468.07 Meg

Tue Oct 27 15:01:58 2020

