Command line:
   four_bit_full_adder_tb_isim_beh.exe
     -simmode  gui
     -simrunnum  0
     -socket  2027

Sun Oct 04 14:48:03 2020


 Elaboration Time: 0.03125 sec

 Current Memory Usage: 5153.95 Meg

 Total Signals          : 17
 Total Nets             : 26
 Total Signal Drivers   : 9
 Total Blocks           : 3
 Total Primitive Blocks : 2
 Total Processes        : 12
 Total Traceable Variables  : 22
 Total Scalar Nets and Variables : 119
Total Line Count : 24

 Total Simulation Time: 0.046875 sec

 Current Memory Usage: 4682.09 Meg

Sun Oct 04 14:52:02 2020

