Command line:
   lab_01_tb_isim_beh.exe
     -simmode  gui
     -simrunnum  0
     -socket  3332

Sun Nov 08 02:53:37 2020


 Elaboration Time: 0.046875 sec

 Current Memory Usage: 5153.37 Meg

 Total Signals          : 29
 Total Nets             : 22
 Total Signal Drivers   : 14
 Total Blocks           : 3
 Total Primitive Blocks : 2
 Total Processes        : 13
 Total Traceable Variables  : 22
 Total Scalar Nets and Variables : 115
Total Line Count : 43

 Total Simulation Time: 0.0625 sec

 Current Memory Usage: 5153.37 Meg

Sun Nov 08 02:53:57 2020

