Command line:
   Parallel_data_transfer3_tb_isim_beh.exe
     -simmode  gui
     -simrunnum  0
     -socket  14201

Sat Oct 24 03:36:02 2020


 Elaboration Time: 0.03125 sec

 Current Memory Usage: 5153.39 Meg

 Total Signals          : 17
 Total Nets             : 26
 Total Signal Drivers   : 9
 Total Blocks           : 3
 Total Primitive Blocks : 2
 Total Processes        : 12
 Total Traceable Variables  : 22
 Total Scalar Nets and Variables : 119
Total Line Count : 30

 Total Simulation Time: 0.0625 sec

 Current Memory Usage: 4681.53 Meg

Sat Oct 24 03:41:32 2020

