Command line:
   half_adder_tb_isim_beh.exe
     -simmode  gui
     -simrunnum  0
     -socket  1704

Sun Oct 04 14:22:52 2020


 Elaboration Time: 0.0625 sec

 Current Memory Usage: 5153.93 Meg

 Total Signals          : 17
 Total Nets             : 17
 Total Signal Drivers   : 9
 Total Blocks           : 3
 Total Primitive Blocks : 2
 Total Processes        : 12
 Total Traceable Variables  : 22
 Total Scalar Nets and Variables : 101
Total Line Count : 27

 Total Simulation Time: 0.078125 sec

 Current Memory Usage: 5153.93 Meg

Sun Oct 04 14:22:57 2020

