--------------------------------------------------------------------------------
Release 14.7 Trace  (nt64)
Copyright (c) 1995-2013 Xilinx, Inc.  All rights reserved.

D:\Xilinx\14.7\ISE_DS\ISE\bin\nt64\unwrapped\trce.exe -intstyle ise -v 3 -s 4
-n 3 -fastpaths -xml four_bit_counter.twx four_bit_counter.ncd -o
four_bit_counter.twr four_bit_counter.pcf -ucf four_bit_counter.ucf

Design file:              four_bit_counter.ncd
Physical constraint file: four_bit_counter.pcf
Device,package,speed:     xc3s200,pq208,-4 (PRODUCTION 1.39 2013-10-13)
Report level:             verbose report

Environment Variable      Effect 
--------------------      ------ 
NONE                      No environment variables were set
--------------------------------------------------------------------------------

INFO:Timing:2698 - No timing constraints found, doing default enumeration.
INFO:Timing:3412 - To improve timing, see the Timing Closure User Guide (UG612).
INFO:Timing:2752 - To get complete path coverage, use the unconstrained paths 
   option. All paths that are not constrained will be reported in the 
   unconstrained paths section(s) of the report.
INFO:Timing:3339 - The clock-to-out numbers in this timing report are based on 
   a 50 Ohm transmission line loading model.  For the details of this model, 
   and for more information on accounting for different loading conditions, 
   please see the device datasheet.
INFO:Timing:3390 - This architecture does not support a default System Jitter 
   value, please add SYSTEM_JITTER constraint to the UCF to modify the Clock 
   Uncertainty calculation.
INFO:Timing:3389 - This architecture does not support 'Discrete Jitter' and 
   'Phase Error' calculations, these terms will be zero in the Clock 
   Uncertainty calculation.  Please make appropriate modification to 
   SYSTEM_JITTER to account for the unsupported Discrete Jitter and Phase 
   Error.



Data Sheet report:
-----------------
All values displayed in nanoseconds (ns)

Setup/Hold to clock clk
------------+------------+------------+------------------+--------+
            |Max Setup to|Max Hold to |                  | Clock  |
Source      | clk (edge) | clk (edge) |Internal Clock(s) | Phase  |
------------+------------+------------+------------------+--------+
data_in<0>  |    0.831(R)|    0.803(R)|clk_BUFGP         |   0.000|
data_in<1>  |    1.621(R)|    0.192(R)|clk_BUFGP         |   0.000|
data_in<2>  |    0.913(R)|    0.738(R)|clk_BUFGP         |   0.000|
data_in<3>  |    1.143(R)|    0.555(R)|clk_BUFGP         |   0.000|
en          |    4.019(R)|   -0.903(R)|clk_BUFGP         |   0.000|
load        |    4.845(R)|   -0.190(R)|clk_BUFGP         |   0.000|
mode        |    3.099(R)|   -0.055(R)|clk_BUFGP         |   0.000|
------------+------------+------------+------------------+--------+

Clock clk to Pad
------------+------------+------------------+--------+
            | clk (edge) |                  | Clock  |
Destination |   to PAD   |Internal Clock(s) | Phase  |
------------+------------+------------------+--------+
q<0>        |   11.037(R)|clk_BUFGP         |   0.000|
q<1>        |   10.882(R)|clk_BUFGP         |   0.000|
q<2>        |   11.191(R)|clk_BUFGP         |   0.000|
q<3>        |   10.996(R)|clk_BUFGP         |   0.000|
------------+------------+------------------+--------+

Clock to Setup on destination clock clk
---------------+---------+---------+---------+---------+
               | Src:Rise| Src:Fall| Src:Rise| Src:Fall|
Source Clock   |Dest:Rise|Dest:Rise|Dest:Fall|Dest:Fall|
---------------+---------+---------+---------+---------+
clk            |    2.656|         |         |         |
---------------+---------+---------+---------+---------+


Analysis completed Tue Oct 27 13:45:06 2020 
--------------------------------------------------------------------------------

Trace Settings:
-------------------------
Trace Settings 

Peak Memory Usage: 4488 MB



