Command line:
   lab_03_tb_isim_beh.exe
     -simmode  gui
     -simrunnum  0
     -socket  4305

Sun Nov 08 04:07:27 2020


 Elaboration Time: 0.03125 sec

 Current Memory Usage: 5153.94 Meg

 Total Signals          : 15
 Total Nets             : 25
 Total Signal Drivers   : 7
 Total Blocks           : 3
 Total Primitive Blocks : 2
 Total Processes        : 10
 Total Traceable Variables  : 20
 Total Scalar Nets and Variables : 117
Total Line Count : 33

 Total Simulation Time: 0.03125 sec

 Current Memory Usage: 5153.94 Meg

Sun Nov 08 04:07:53 2020

